  Source.cpp
C:\Users\Владимир\Desktop\Политех\Инфа\Лабораторные работы 2 семестр\Tree\Код\Tree\Source.cpp(330,43): warning C4244: =: преобразование "const T" в "int", возможна потеря данных
          with
          [
              T=float
          ]
C:\Users\Владимир\Desktop\Политех\Инфа\Лабораторные работы 2 семестр\Tree\Код\Tree\Source.cpp(335,33): warning C4244: =: преобразование "double" в "int", возможна потеря данных
C:\Users\Владимир\Desktop\Политех\Инфа\Лабораторные работы 2 семестр\Tree\Код\Tree\Source.cpp(338,34): warning C4244: аргумент: преобразование "int" в "float", возможна потеря данных
C:\Users\Владимир\Desktop\Политех\Инфа\Лабораторные работы 2 семестр\Tree\Код\Tree\Source.cpp(339,144): warning C4244: аргумент: преобразование "double" в "T", возможна потеря данных
          with
          [
              T=float
          ]
C:\Users\Владимир\Desktop\Политех\Инфа\Лабораторные работы 2 семестр\Tree\Код\Tree\Source.cpp(340,18): warning C4244: аргумент: преобразование "double" в "float", возможна потеря данных
C:\Users\Владимир\Desktop\Политех\Инфа\Лабораторные работы 2 семестр\Tree\Код\Tree\Source.cpp(344,33): warning C4244: =: преобразование "double" в "int", возможна потеря данных
C:\Users\Владимир\Desktop\Политех\Инфа\Лабораторные работы 2 семестр\Tree\Код\Tree\Source.cpp(347,34): warning C4244: аргумент: преобразование "int" в "float", возможна потеря данных
C:\Users\Владимир\Desktop\Политех\Инфа\Лабораторные работы 2 семестр\Tree\Код\Tree\Source.cpp(348,144): warning C4244: аргумент: преобразование "double" в "T", возможна потеря данных
          with
          [
              T=float
          ]
C:\Users\Владимир\Desktop\Политех\Инфа\Лабораторные работы 2 семестр\Tree\Код\Tree\Source.cpp(349,15): warning C4244: аргумент: преобразование "double" в "float", возможна потеря данных
C:\Users\Владимир\Desktop\Политех\Инфа\Лабораторные работы 2 семестр\Tree\Код\Tree\Source.cpp(352,37): warning C4244: аргумент: преобразование "int" в "float", возможна потеря данных
C:\Users\Владимир\Desktop\Политех\Инфа\Лабораторные работы 2 семестр\Tree\Код\Tree\Source.cpp(352,26): warning C4244: аргумент: преобразование "int" в "float", возможна потеря данных
C:\Users\Владимир\Desktop\Политех\Инфа\Лабораторные работы 2 семестр\Tree\Код\Tree\Source.cpp(439,6): warning C4101: x: неиспользованная локальная переменная
  Tree.vcxproj -> C:\Users\Владимир\Desktop\Политех\Инфа\Лабораторные работы 2 семестр\Tree\Код\Tree\x64\Debug\Tree.exe
